packages/native_admob_flutter-master/example/build/app/intermediates/manifest_merge_blame_file/debug/manifest-merger-blame-debug-report.txt
1<?xml version="1.0" encoding="utf-8"?>
2<manifest xmlns:android="http://schemas.android.com/apk/res/android"
3    package="com.example.native_admob_flutter_example"
4    android:versionCode="1"
5    android:versionName="1.0.0" >
6
7    <uses-sdk
8        android:minSdkVersion="20"
9        android:targetSdkVersion="30" />
10    <!--
11         Flutter needs it to communicate with the running application
12         to allow setting breakpoints, to provide hot reload, etc.
13    -->
14    <uses-permission android:name="android.permission.INTERNET" />
14-->src/main/AndroidManifest.xml:50:5-67
14-->src/main/AndroidManifest.xml:50:22-64
15    <uses-permission android:name="android.permission.ACCESS_NETWORK_STATE" /> <!-- Android package visibility setting -->
15-->[com.google.android.gms:play-services-ads-lite:20.2.0] AndroidManifest.xml:24:5-79
15-->[com.google.android.gms:play-services-ads-lite:20.2.0] AndroidManifest.xml:24:22-76
16    <queries>
16-->[com.google.android.gms:play-services-ads-lite:20.2.0] AndroidManifest.xml:27:5-43:15
17
18        <!-- For browser content -->
19        <intent>
19-->[com.google.android.gms:play-services-ads-lite:20.2.0] AndroidManifest.xml:30:9-36:18
20            <action android:name="android.intent.action.VIEW" />
20-->[com.google.android.gms:play-services-ads-lite:20.2.0] AndroidManifest.xml:31:13-65
20-->[com.google.android.gms:play-services-ads-lite:20.2.0] AndroidManifest.xml:31:21-62
21
22            <category android:name="android.intent.category.BROWSABLE" />
22-->[com.google.android.gms:play-services-ads-lite:20.2.0] AndroidManifest.xml:33:13-74
22-->[com.google.android.gms:play-services-ads-lite:20.2.0] AndroidManifest.xml:33:23-71
23
24            <data android:scheme="https" />
24-->[com.google.android.gms:play-services-ads-lite:20.2.0] AndroidManifest.xml:35:13-44
24-->[com.google.android.gms:play-services-ads-lite:20.2.0] AndroidManifest.xml:35:19-41
25        </intent>
26        <!-- End of browser content -->
27        <!-- For CustomTabsService -->
28        <intent>
28-->[com.google.android.gms:play-services-ads-lite:20.2.0] AndroidManifest.xml:39:9-41:18
29            <action android:name="android.support.customtabs.action.CustomTabsService" />
29-->[com.google.android.gms:play-services-ads-lite:20.2.0] AndroidManifest.xml:40:13-90
29-->[com.google.android.gms:play-services-ads-lite:20.2.0] AndroidManifest.xml:40:21-87
30        </intent>
31        <!-- End of CustomTabsService -->
32    </queries>
33
34    <uses-permission android:name="android.permission.WAKE_LOCK" />
34-->[com.google.android.gms:play-services-measurement-sdk-api:18.0.0] AndroidManifest.xml:25:5-68
34-->[com.google.android.gms:play-services-measurement-sdk-api:18.0.0] AndroidManifest.xml:25:22-65
35    <uses-permission android:name="android.permission.RECEIVE_BOOT_COMPLETED" />
35-->[androidx.work:work-runtime:2.1.0] AndroidManifest.xml:27:5-81
35-->[androidx.work:work-runtime:2.1.0] AndroidManifest.xml:27:22-78
36    <!--
37 io.flutter.app.FlutterApplication is an android.app.Application that
38         calls FlutterMain.startInitialization(this); in its onCreate method.
39         In most cases you can leave this as-is, but you if you want to provide
40         additional functionality it is fine to subclass or reimplement
41         FlutterApplication and put your custom class here.
42    -->
43    <application
43-->src/main/AndroidManifest.xml:8:5-49:19
44        android:name="io.flutter.app.FlutterApplication"
44-->src/main/AndroidManifest.xml:9:9-57
45        android:appComponentFactory="androidx.core.app.CoreComponentFactory"
45-->[androidx.core:core:1.6.0] AndroidManifest.xml:24:18-86
46        android:debuggable="true"
47        android:icon="@mipmap/ic_launcher"
47-->src/main/AndroidManifest.xml:11:9-43
48        android:label="native_admob_flutter_example" >
48-->src/main/AndroidManifest.xml:10:9-53
49        <activity
49-->src/main/AndroidManifest.xml:12:9-40:20
50            android:name="com.example.native_admob_flutter_example.MainActivity"
50-->src/main/AndroidManifest.xml:13:13-41
51            android:configChanges="orientation|keyboardHidden|keyboard|screenSize|smallestScreenSize|locale|layoutDirection|fontScale|screenLayout|density|uiMode"
51-->src/main/AndroidManifest.xml:16:13-163
52            android:hardwareAccelerated="true"
52-->src/main/AndroidManifest.xml:17:13-47
53            android:launchMode="singleTop"
53-->src/main/AndroidManifest.xml:14:13-43
54            android:theme="@style/LaunchTheme"
54-->src/main/AndroidManifest.xml:15:13-47
55            android:windowSoftInputMode="adjustResize" >
55-->src/main/AndroidManifest.xml:18:13-55
56
57            <!--
58                 Specifies an Android theme to apply to this Activity as soon as
59                 the Android process has started. This theme is visible to the user
60                 while the Flutter UI initializes. After that, this theme continues
61                 to determine the Window background behind the Flutter UI.
62            -->
63            <meta-data
63-->src/main/AndroidManifest.xml:23:13-26:17
64                android:name="io.flutter.embedding.android.NormalTheme"
64-->src/main/AndroidManifest.xml:24:15-70
65                android:resource="@style/NormalTheme" />
65-->src/main/AndroidManifest.xml:25:15-52
66            <!--
67                 Displays an Android View that continues showing the launch screen
68                 Drawable until Flutter paints its first frame, then this splash
69                 screen fades out. A splash screen is useful to avoid any visual
70                 gap between the end of Android's launch screen and the painting of
71                 Flutter's first frame.
72            -->
73            <meta-data
73-->src/main/AndroidManifest.xml:32:13-35:17
74                android:name="io.flutter.embedding.android.SplashScreenDrawable"
74-->src/main/AndroidManifest.xml:33:15-79
75                android:resource="@drawable/launch_background" />
75-->src/main/AndroidManifest.xml:34:15-61
76
77            <intent-filter>
77-->src/main/AndroidManifest.xml:36:13-39:29
78                <action android:name="android.intent.action.MAIN" />
78-->src/main/AndroidManifest.xml:37:17-68
78-->src/main/AndroidManifest.xml:37:25-66
79
80                <category android:name="android.intent.category.LAUNCHER" />
80-->src/main/AndroidManifest.xml:38:17-76
80-->src/main/AndroidManifest.xml:38:27-74
81            </intent-filter>
82        </activity>
83        <!--
84             Don't delete the meta-data below.
85             This is used by the Flutter tool to generate GeneratedPluginRegistrant.java
86        -->
87        <meta-data
87-->src/main/AndroidManifest.xml:43:9-45:33
88            android:name="flutterEmbedding"
88-->src/main/AndroidManifest.xml:44:13-44
89            android:value="2" />
89-->src/main/AndroidManifest.xml:45:13-30
90        <meta-data
90-->src/main/AndroidManifest.xml:46:9-48:69
91            android:name="com.google.android.gms.ads.APPLICATION_ID"
91-->src/main/AndroidManifest.xml:47:13-69
92            android:value="ca-app-pub-3940256099942544~3347511713" />
92-->src/main/AndroidManifest.xml:48:13-67
93        <!-- Include the AdActivity and InAppPurchaseActivity configChanges and themes. -->
94        <activity
94-->[com.google.android.gms:play-services-ads-lite:20.2.0] AndroidManifest.xml:48:9-52:64
95            android:name="com.google.android.gms.ads.AdActivity"
95-->[com.google.android.gms:play-services-ads-lite:20.2.0] AndroidManifest.xml:49:13-65
96            android:configChanges="keyboard|keyboardHidden|orientation|screenLayout|uiMode|screenSize|smallestScreenSize"
96-->[com.google.android.gms:play-services-ads-lite:20.2.0] AndroidManifest.xml:50:13-122
97            android:exported="false"
97-->[com.google.android.gms:play-services-ads-lite:20.2.0] AndroidManifest.xml:51:13-37
98            android:theme="@android:style/Theme.Translucent" />
98-->[com.google.android.gms:play-services-ads-lite:20.2.0] AndroidManifest.xml:52:13-61
99
100        <provider
100-->[com.google.android.gms:play-services-ads-lite:20.2.0] AndroidManifest.xml:54:9-58:39
101            android:name="com.google.android.gms.ads.MobileAdsInitProvider"
101-->[com.google.android.gms:play-services-ads-lite:20.2.0] AndroidManifest.xml:55:13-76
102            android:authorities="com.example.native_admob_flutter_example.mobileadsinitprovider"
102-->[com.google.android.gms:play-services-ads-lite:20.2.0] AndroidManifest.xml:56:13-73
103            android:exported="false"
103-->[com.google.android.gms:play-services-ads-lite:20.2.0] AndroidManifest.xml:57:13-37
104            android:initOrder="100" />
104-->[com.google.android.gms:play-services-ads-lite:20.2.0] AndroidManifest.xml:58:13-36
105
106        <service
106-->[com.google.android.gms:play-services-ads-lite:20.2.0] AndroidManifest.xml:60:9-63:40
107            android:name="com.google.android.gms.ads.AdService"
107-->[com.google.android.gms:play-services-ads-lite:20.2.0] AndroidManifest.xml:61:13-64
108            android:enabled="true"
108-->[com.google.android.gms:play-services-ads-lite:20.2.0] AndroidManifest.xml:62:13-35
109            android:exported="false" />
109-->[com.google.android.gms:play-services-ads-lite:20.2.0] AndroidManifest.xml:63:13-37
110
111        <meta-data
111-->[com.google.android.gms:play-services-basement:17.6.0] AndroidManifest.xml:23:9-25:69
112            android:name="com.google.android.gms.version"
112-->[com.google.android.gms:play-services-basement:17.6.0] AndroidManifest.xml:24:13-58
113            android:value="@integer/google_play_services_version" />
113-->[com.google.android.gms:play-services-basement:17.6.0] AndroidManifest.xml:25:13-66
114
115        <provider
115-->[androidx.work:work-runtime:2.1.0] AndroidManifest.xml:30:9-36:35
116            android:name="androidx.work.impl.WorkManagerInitializer"
116-->[androidx.work:work-runtime:2.1.0] AndroidManifest.xml:31:13-69
117            android:authorities="com.example.native_admob_flutter_example.workmanager-init"
117-->[androidx.work:work-runtime:2.1.0] AndroidManifest.xml:32:13-68
118            android:directBootAware="false"
118-->[androidx.work:work-runtime:2.1.0] AndroidManifest.xml:33:13-44
119            android:exported="false"
119-->[androidx.work:work-runtime:2.1.0] AndroidManifest.xml:34:13-37
120            android:multiprocess="true" />
120-->[androidx.work:work-runtime:2.1.0] AndroidManifest.xml:35:13-40
121
122        <service
122-->[androidx.work:work-runtime:2.1.0] AndroidManifest.xml:38:9-43:35
123            android:name="androidx.work.impl.background.systemalarm.SystemAlarmService"
123-->[androidx.work:work-runtime:2.1.0] AndroidManifest.xml:39:13-88
124            android:directBootAware="false"
124-->[androidx.work:work-runtime:2.1.0] AndroidManifest.xml:40:13-44
125            android:enabled="@bool/enable_system_alarm_service_default"
125-->[androidx.work:work-runtime:2.1.0] AndroidManifest.xml:41:13-72
126            android:exported="false" />
126-->[androidx.work:work-runtime:2.1.0] AndroidManifest.xml:42:13-37
127        <service
127-->[androidx.work:work-runtime:2.1.0] AndroidManifest.xml:44:9-50:35
128            android:name="androidx.work.impl.background.systemjob.SystemJobService"
128-->[androidx.work:work-runtime:2.1.0] AndroidManifest.xml:45:13-84
129            android:directBootAware="false"
129-->[androidx.work:work-runtime:2.1.0] AndroidManifest.xml:46:13-44
130            android:enabled="@bool/enable_system_job_service_default"
130-->[androidx.work:work-runtime:2.1.0] AndroidManifest.xml:47:13-70
131            android:exported="true"
131-->[androidx.work:work-runtime:2.1.0] AndroidManifest.xml:48:13-36
132            android:permission="android.permission.BIND_JOB_SERVICE" />
132-->[androidx.work:work-runtime:2.1.0] AndroidManifest.xml:49:13-69
133
134        <receiver
134-->[androidx.work:work-runtime:2.1.0] AndroidManifest.xml:52:9-57:35
135            android:name="androidx.work.impl.utils.ForceStopRunnable$BroadcastReceiver"
135-->[androidx.work:work-runtime:2.1.0] AndroidManifest.xml:53:13-88
136            android:directBootAware="false"
136-->[androidx.work:work-runtime:2.1.0] AndroidManifest.xml:54:13-44
137            android:enabled="true"
137-->[androidx.work:work-runtime:2.1.0] AndroidManifest.xml:55:13-35
138            android:exported="false" />
138-->[androidx.work:work-runtime:2.1.0] AndroidManifest.xml:56:13-37
139        <receiver
139-->[androidx.work:work-runtime:2.1.0] AndroidManifest.xml:58:9-68:20
140            android:name="androidx.work.impl.background.systemalarm.ConstraintProxy$BatteryChargingProxy"
140-->[androidx.work:work-runtime:2.1.0] AndroidManifest.xml:59:13-106
141            android:directBootAware="false"
141-->[androidx.work:work-runtime:2.1.0] AndroidManifest.xml:60:13-44
142            android:enabled="false"
142-->[androidx.work:work-runtime:2.1.0] AndroidManifest.xml:61:13-36
143            android:exported="false" >
143-->[androidx.work:work-runtime:2.1.0] AndroidManifest.xml:62:13-37
144            <intent-filter>
144-->[androidx.work:work-runtime:2.1.0] AndroidManifest.xml:64:13-67:29
145                <action android:name="android.intent.action.ACTION_POWER_CONNECTED" />
145-->[androidx.work:work-runtime:2.1.0] AndroidManifest.xml:65:17-87
145-->[androidx.work:work-runtime:2.1.0] AndroidManifest.xml:65:25-84
146                <action android:name="android.intent.action.ACTION_POWER_DISCONNECTED" />
146-->[androidx.work:work-runtime:2.1.0] AndroidManifest.xml:66:17-90
146-->[androidx.work:work-runtime:2.1.0] AndroidManifest.xml:66:25-87
147            </intent-filter>
148        </receiver>
149        <receiver
149-->[androidx.work:work-runtime:2.1.0] AndroidManifest.xml:69:9-79:20
150            android:name="androidx.work.impl.background.systemalarm.ConstraintProxy$BatteryNotLowProxy"
150-->[androidx.work:work-runtime:2.1.0] AndroidManifest.xml:70:13-104
151            android:directBootAware="false"
151-->[androidx.work:work-runtime:2.1.0] AndroidManifest.xml:71:13-44
152            android:enabled="false"
152-->[androidx.work:work-runtime:2.1.0] AndroidManifest.xml:72:13-36
153            android:exported="false" >
153-->[androidx.work:work-runtime:2.1.0] AndroidManifest.xml:73:13-37
154            <intent-filter>
154-->[androidx.work:work-runtime:2.1.0] AndroidManifest.xml:75:13-78:29
155                <action android:name="android.intent.action.BATTERY_OKAY" />
155-->[androidx.work:work-runtime:2.1.0] AndroidManifest.xml:76:17-77
155-->[androidx.work:work-runtime:2.1.0] AndroidManifest.xml:76:25-74
156                <action android:name="android.intent.action.BATTERY_LOW" />
156-->[androidx.work:work-runtime:2.1.0] AndroidManifest.xml:77:17-76
156-->[androidx.work:work-runtime:2.1.0] AndroidManifest.xml:77:25-73
157            </intent-filter>
158        </receiver>
159        <receiver
159-->[androidx.work:work-runtime:2.1.0] AndroidManifest.xml:80:9-90:20
160            android:name="androidx.work.impl.background.systemalarm.ConstraintProxy$StorageNotLowProxy"
160-->[androidx.work:work-runtime:2.1.0] AndroidManifest.xml:81:13-104
161            android:directBootAware="false"
161-->[androidx.work:work-runtime:2.1.0] AndroidManifest.xml:82:13-44
162            android:enabled="false"
162-->[androidx.work:work-runtime:2.1.0] AndroidManifest.xml:83:13-36
163            android:exported="false" >
163-->[androidx.work:work-runtime:2.1.0] AndroidManifest.xml:84:13-37
164            <intent-filter>
164-->[androidx.work:work-runtime:2.1.0] AndroidManifest.xml:86:13-89:29
165                <action android:name="android.intent.action.DEVICE_STORAGE_LOW" />
165-->[androidx.work:work-runtime:2.1.0] AndroidManifest.xml:87:17-83
165-->[androidx.work:work-runtime:2.1.0] AndroidManifest.xml:87:25-80
166                <action android:name="android.intent.action.DEVICE_STORAGE_OK" />
166-->[androidx.work:work-runtime:2.1.0] AndroidManifest.xml:88:17-82
166-->[androidx.work:work-runtime:2.1.0] AndroidManifest.xml:88:25-79
167            </intent-filter>
168        </receiver>
169        <receiver
169-->[androidx.work:work-runtime:2.1.0] AndroidManifest.xml:91:9-100:20
170            android:name="androidx.work.impl.background.systemalarm.ConstraintProxy$NetworkStateProxy"
170-->[androidx.work:work-runtime:2.1.0] AndroidManifest.xml:92:13-103
171            android:directBootAware="false"
171-->[androidx.work:work-runtime:2.1.0] AndroidManifest.xml:93:13-44
172            android:enabled="false"
172-->[androidx.work:work-runtime:2.1.0] AndroidManifest.xml:94:13-36
173            android:exported="false" >
173-->[androidx.work:work-runtime:2.1.0] AndroidManifest.xml:95:13-37
174            <intent-filter>
174-->[androidx.work:work-runtime:2.1.0] AndroidManifest.xml:97:13-99:29
175                <action android:name="android.net.conn.CONNECTIVITY_CHANGE" />
175-->[androidx.work:work-runtime:2.1.0] AndroidManifest.xml:98:17-79
175-->[androidx.work:work-runtime:2.1.0] AndroidManifest.xml:98:25-76
176            </intent-filter>
177        </receiver>
178        <receiver
178-->[androidx.work:work-runtime:2.1.0] AndroidManifest.xml:101:9-112:20
179            android:name="androidx.work.impl.background.systemalarm.RescheduleReceiver"
179-->[androidx.work:work-runtime:2.1.0] AndroidManifest.xml:102:13-88
180            android:directBootAware="false"
180-->[androidx.work:work-runtime:2.1.0] AndroidManifest.xml:103:13-44
181            android:enabled="false"
181-->[androidx.work:work-runtime:2.1.0] AndroidManifest.xml:104:13-36
182            android:exported="false" >
182-->[androidx.work:work-runtime:2.1.0] AndroidManifest.xml:105:13-37
183            <intent-filter>
183-->[androidx.work:work-runtime:2.1.0] AndroidManifest.xml:107:13-111:29
184                <action android:name="android.intent.action.BOOT_COMPLETED" />
184-->[androidx.work:work-runtime:2.1.0] AndroidManifest.xml:108:17-79
184-->[androidx.work:work-runtime:2.1.0] AndroidManifest.xml:108:25-76
185                <action android:name="android.intent.action.TIME_SET" />
185-->[androidx.work:work-runtime:2.1.0] AndroidManifest.xml:109:17-73
185-->[androidx.work:work-runtime:2.1.0] AndroidManifest.xml:109:25-70
186                <action android:name="android.intent.action.TIMEZONE_CHANGED" />
186-->[androidx.work:work-runtime:2.1.0] AndroidManifest.xml:110:17-81
186-->[androidx.work:work-runtime:2.1.0] AndroidManifest.xml:110:25-78
187            </intent-filter>
188        </receiver>
189        <receiver
189-->[androidx.work:work-runtime:2.1.0] AndroidManifest.xml:113:9-122:20
190            android:name="androidx.work.impl.background.systemalarm.ConstraintProxyUpdateReceiver"
190-->[androidx.work:work-runtime:2.1.0] AndroidManifest.xml:114:13-99
191            android:directBootAware="false"
191-->[androidx.work:work-runtime:2.1.0] AndroidManifest.xml:115:13-44
192            android:enabled="@bool/enable_system_alarm_service_default"
192-->[androidx.work:work-runtime:2.1.0] AndroidManifest.xml:116:13-72
193            android:exported="false" >
193-->[androidx.work:work-runtime:2.1.0] AndroidManifest.xml:117:13-37
194            <intent-filter>
194-->[androidx.work:work-runtime:2.1.0] AndroidManifest.xml:119:13-121:29
195                <action android:name="androidx.work.impl.background.systemalarm.UpdateProxies" />
195-->[androidx.work:work-runtime:2.1.0] AndroidManifest.xml:120:17-98
195-->[androidx.work:work-runtime:2.1.0] AndroidManifest.xml:120:25-95
196            </intent-filter>
197        </receiver>
198
199        <service
199-->[androidx.room:room-runtime:2.1.0] AndroidManifest.xml:25:9-27:40
200            android:name="androidx.room.MultiInstanceInvalidationService"
200-->[androidx.room:room-runtime:2.1.0] AndroidManifest.xml:26:13-74
201            android:exported="false" />
201-->[androidx.room:room-runtime:2.1.0] AndroidManifest.xml:27:13-37
202    </application>
203
204</manifest>